# JRE version: Java(TM) SE Runtime Environment (20.0.2+9) (build 20.0.2+9-78)
# Java VM: Java HotSpot(TM) 64-Bit Server VM (20.0.2+9-78, mixed mode, sharing, tiered, compressed oops, compressed class ptrs, g1 gc, bsd-aarch64)
GC Precious Log:
 CardTable entry size: 512
 Card Set container configuration: InlinePtr #cards 5 size 8 Array Of Cards #cards 12 size 40 Howl #buckets 4 coarsen threshold 1843 Howl Bitmap #cards 512 size 80 coarsen threshold 460 Card regions per heap region 1 cards per card region 2048
 CPUs: 8 total, 8 available
 Memory: 8192M
 Large Page Support: Disabled
 NUMA Support: Disabled
 Compressed Oops: Enabled (Zero based)
 Heap Region Size: 1M
 Heap Min Capacity: 8M
 Heap Initial Capacity: 128M
 Heap Max Capacity: 2G
 Pre-touch: Disabled
 Parallel Workers: 8
 Concurrent Workers: 2
 Concurrent Refinement Workers: 8
 Periodic GC: Disabled
Heap:
 garbage-first heap   total 111616K, used 95182K [0x0000000780000000, 0x0000000800000000)
  region size 1024K, 37 young (37888K), 2 survivors (2048K)
 Metaspace       used 38221K, committed 38720K, reserved 1114112K
  class space    used 4901K, committed 5120K, reserved 1048576K
GC Heap History (20 events):
Event: 613.358 GC heap before
{Heap before GC invocations=35 (full 0):
 garbage-first heap   total 111616K, used 96134K [0x0000000780000000, 0x0000000800000000)
  region size 1024K, 37 young (37888K), 1 survivors (1024K)
 Metaspace       used 32307K, committed 32832K, reserved 1114112K
  class space    used 4227K, committed 4480K, reserved 1048576K
}
Event: 613.359 GC heap after
{Heap after GC invocations=36 (full 0):
 garbage-first heap   total 111616K, used 59518K [0x0000000780000000, 0x0000000800000000)
  region size 1024K, 1 young (1024K), 1 survivors (1024K)
 Metaspace       used 32307K, committed 32832K, reserved 1114112K
  class space    used 4227K, committed 4480K, reserved 1048576K
}
Event: 622.633 GC heap before
{Heap before GC invocations=36 (full 0):
 garbage-first heap   total 111616K, used 100478K [0x0000000780000000, 0x0000000800000000)
  region size 1024K, 41 young (41984K), 1 survivors (1024K)
 Metaspace       used 32350K, committed 32896K, reserved 1114112K
  class space    used 4230K, committed 4480K, reserved 1048576K
}
Event: 622.635 GC heap after
{Heap after GC invocations=37 (full 0):
 garbage-first heap   total 111616K, used 58493K [0x0000000780000000, 0x0000000800000000)
  region size 1024K, 1 young (1024K), 1 survivors (1024K)
 Metaspace       used 32350K, committed 32896K, reserved 1114112K
  class space    used 4230K, committed 4480K, reserved 1048576K
}
Event: 624.198 GC heap before
{Heap before GC invocations=37 (full 0):
 garbage-first heap   total 111616K, used 67709K [0x0000000780000000, 0x0000000800000000)
  region size 1024K, 11 young (11264K), 1 survivors (1024K)
 Metaspace       used 32368K, committed 32896K, reserved 1114112K
  class space    used 4233K, committed 4480K, reserved 1048576K
}
Event: 624.198 GC heap after
{Heap after GC invocations=38 (full 0):
 garbage-first heap   total 111616K, used 58404K [0x0000000780000000, 0x0000000800000000)
  region size 1024K, 1 young (1024K), 1 survivors (1024K)
 Metaspace       used 32368K, committed 32896K, reserved 1114112K
  class space    used 4233K, committed 4480K, reserved 1048576K
}
Event: 626.609 GC heap before
{Heap before GC invocations=39 (full 0):
 garbage-first heap   total 111616K, used 107556K [0x0000000780000000, 0x0000000800000000)
  region size 1024K, 44 young (45056K), 1 survivors (1024K)
 Metaspace       used 32389K, committed 32896K, reserved 1114112K
  class space    used 4233K, committed 4480K, reserved 1048576K
}
Event: 626.610 GC heap after
{Heap after GC invocations=40 (full 0):
 garbage-first heap   total 111616K, used 59819K [0x0000000780000000, 0x0000000800000000)
  region size 1024K, 1 young (1024K), 1 survivors (1024K)
 Metaspace       used 32389K, committed 32896K, reserved 1114112K
  class space    used 4233K, committed 4480K, reserved 1048576K
}
Event: 629.335 GC heap before
{Heap before GC invocations=40 (full 0):
 garbage-first heap   total 111616K, used 102827K [0x0000000780000000, 0x0000000800000000)
  region size 1024K, 43 young (44032K), 1 survivors (1024K)
 Metaspace       used 32398K, committed 32896K, reserved 1114112K
  class space    used 4233K, committed 4480K, reserved 1048576K
}
Event: 629.336 GC heap after
{Heap after GC invocations=41 (full 0):
 garbage-first heap   total 111616K, used 59550K [0x0000000780000000, 0x0000000800000000)
  region size 1024K, 1 young (1024K), 1 survivors (1024K)
 Metaspace       used 32398K, committed 32896K, reserved 1114112K
  class space    used 4233K, committed 4480K, reserved 1048576K
}
Event: 637.482 GC heap before
{Heap before GC invocations=41 (full 0):
 garbage-first heap   total 111616K, used 102558K [0x0000000780000000, 0x0000000800000000)
  region size 1024K, 43 young (44032K), 1 survivors (1024K)
 Metaspace       used 32409K, committed 32896K, reserved 1114112K
  class space    used 4233K, committed 4480K, reserved 1048576K
}
Event: 637.483 GC heap after
{Heap after GC invocations=42 (full 0):
 garbage-first heap   total 111616K, used 59534K [0x0000000780000000, 0x0000000800000000)
  region size 1024K, 1 young (1024K), 1 survivors (1024K)
 Metaspace       used 32409K, committed 32896K, reserved 1114112K
  class space    used 4233K, committed 4480K, reserved 1048576K
}
Event: 662.702 GC heap before
{Heap before GC invocations=43 (full 0):
 garbage-first heap   total 111616K, used 104590K [0x0000000780000000, 0x0000000800000000)
  region size 1024K, 43 young (44032K), 1 survivors (1024K)
 Metaspace       used 32474K, committed 32960K, reserved 1114112K
  class space    used 4245K, committed 4480K, reserved 1048576K
}
Event: 662.706 GC heap after
{Heap after GC invocations=44 (full 0):
 garbage-first heap   total 111616K, used 59504K [0x0000000780000000, 0x0000000800000000)
  region size 1024K, 1 young (1024K), 1 survivors (1024K)
 Metaspace       used 32474K, committed 32960K, reserved 1114112K
  class space    used 4245K, committed 4480K, reserved 1048576K
}
Event: 674.817 GC heap before
{Heap before GC invocations=44 (full 0):
 garbage-first heap   total 111616K, used 102512K [0x0000000780000000, 0x0000000800000000)
  region size 1024K, 43 young (44032K), 1 survivors (1024K)
 Metaspace       used 36468K, committed 37056K, reserved 1114112K
  class space    used 4713K, committed 4992K, reserved 1048576K
}
Event: 674.819 GC heap after
{Heap after GC invocations=45 (full 0):
 garbage-first heap   total 111616K, used 59281K [0x0000000780000000, 0x0000000800000000)
  region size 1024K, 2 young (2048K), 2 survivors (2048K)
 Metaspace       used 36468K, committed 37056K, reserved 1114112K
  class space    used 4713K, committed 4992K, reserved 1048576K
}
Event: 686.849 GC heap before
{Heap before GC invocations=45 (full 0):
 garbage-first heap   total 111616K, used 101265K [0x0000000780000000, 0x0000000800000000)
  region size 1024K, 43 young (44032K), 2 survivors (2048K)
 Metaspace       used 36468K, committed 37056K, reserved 1114112K
  class space    used 4713K, committed 4992K, reserved 1048576K
}
Event: 686.851 GC heap after
{Heap after GC invocations=46 (full 0):
 garbage-first heap   total 111616K, used 59338K [0x0000000780000000, 0x0000000800000000)
  region size 1024K, 2 young (2048K), 2 survivors (2048K)
 Metaspace       used 36468K, committed 37056K, reserved 1114112K
  class space    used 4713K, committed 4992K, reserved 1048576K
}
Event: 697.119 GC heap before
{Heap before GC invocations=47 (full 0):
 garbage-first heap   total 111616K, used 101322K [0x0000000780000000, 0x0000000800000000)
  region size 1024K, 43 young (44032K), 2 survivors (2048K)
 Metaspace       used 36468K, committed 37056K, reserved 1114112K
  class space    used 4713K, committed 4992K, reserved 1048576K
}
Event: 697.121 GC heap after
{Heap after GC invocations=48 (full 0):
 garbage-first heap   total 111616K, used 59342K [0x0000000780000000, 0x0000000800000000)
  region size 1024K, 2 young (2048K), 2 survivors (2048K)
 Metaspace       used 36468K, committed 37056K, reserved 1114112K
  class space    used 4713K, committed 4992K, reserved 1048576K
}

